[2025-04-14 16:17:55,775][root][INFO] - FL_Task - {"dataset": "MNIST", "start_execution_time": "2025-04-14 16:17:55"}
[2025-04-14 16:17:55,840][__main__][INFO] - Data loaded
[2025-04-14 16:17:55,865][__main__][INFO] - Downloading latest local model
[2025-04-14 16:17:55,865][root][INFO] - downloaded local_model_name: MNISTClassifier_local_model_V1.pth
[2025-04-14 16:18:41,740][__main__][INFO] - Selected best hyperparameter: 0.001 with loss: 0.03513863805003616
[2025-04-14 16:18:41,742][root][INFO] - init model_type: Pytorch
[2025-04-14 16:20:33,592][root][INFO] - bulid model
[2025-04-14 16:20:33,593][root][INFO] - FL start
[2025-04-14 16:20:33,602][fedops.client.client_api][INFO] - FL_server_IP:port - ccl.gachon.ac.kr:40032
[2025-04-14 16:20:33,603][root][INFO] - FL learning ready
[2025-04-14 16:20:33,604][root][INFO] - fl_task_id: test1
[2025-04-14 16:20:33,604][root][INFO] - dataset: MNIST
[2025-04-14 16:20:33,604][root][INFO] - output_size: 10
[2025-04-14 16:20:33,604][root][INFO] - validation_split: 0.2
[2025-04-14 16:20:33,604][root][INFO] - model_type: Pytorch
[2025-04-14 16:20:33,604][root][INFO] - wandb_key: 38f6cf3c2c37660d42ebfe8ab434b72d34be3b31
[2025-04-14 16:20:33,604][root][INFO] - wandb_account: rirakang@gachon.ac.kr
[2025-04-14 16:20:35,265][flwr][WARNING] - DEPRECATED FEATURE: flwr.client.start_numpy_client() is deprecated. 
	Instead, use `flwr.client.start_client()` by ensuring you first call the `.to_client()` method as shown below: 
	flwr.client.start_client(
		server_address='<IP>:<PORT>',
		client=FlowerClient().to_client(), # <-- where FlowerClient is of type flwr.client.NumPyClient object
	)
	Using `start_numpy_client()` is deprecated.

            This is a deprecated feature. It will be removed
            entirely in future versions of Flower.
        
[2025-04-14 16:20:35,268][flwr][WARNING] - DEPRECATED FEATURE: flwr.client.start_client() is deprecated.
	Instead, use the `flower-supernode` CLI command to start a SuperNode as shown below:

		$ flower-supernode --insecure --superlink='<IP>:<PORT>'

	To view all available options, run:

		$ flower-supernode --help

	Using `start_client()` is deprecated.

            This is a deprecated feature. It will be removed
            entirely in future versions of Flower.
        
[2025-04-14 16:20:35,283][flwr][DEBUG] - Opened insecure gRPC connection (no certificates were passed)
[2025-04-14 16:20:35,288][flwr][DEBUG] - ChannelConnectivity.IDLE
[2025-04-14 16:20:35,289][flwr][DEBUG] - ChannelConnectivity.CONNECTING
[2025-04-14 16:20:35,294][flwr][DEBUG] - ChannelConnectivity.READY
[2025-04-14 16:20:37,436][flwr][INFO] - 
[2025-04-14 16:20:37,437][flwr][INFO] - Received: train message ee46591e-4aa7-481b-8562-45da69ac5e23
[2025-04-14 16:21:05,630][fedops.client.client_fl][INFO] - train_performance - {"fl_task_id": "test1", "client_mac": "b0:7b:25:0e:e7:96", "client_name": "ccl-e-server", "round": 1, "gl_model_v": 2, "train_loss": 0.019423342957813623, "train_accuracy": 0.9936666666666667, "train_f1_score": 0.9936617223668135, "val_loss": 0.038588879402092796, "val_accuracy": 0.9884166666666667, "val_f1_score": 0.9884042148655026, "train_time": 28.18131422996521, "wandb_name": "ccl-e-server-v0(2025-04-14 16:18:41.744043)"}
[2025-04-14 16:21:05,701][flwr][INFO] - Sent reply
[2025-04-14 16:21:12,946][flwr][INFO] - 
[2025-04-14 16:21:12,947][flwr][INFO] - Received: evaluate message 2b6a72df-7760-407b-86e8-cfb254f9bbca
[2025-04-14 16:21:16,019][fedops.client.client_fl][INFO] - test - {"fl_task_id": "test1", "client_mac": "b0:7b:25:0e:e7:96", "client_name": "ccl-e-server", "round": 1, "test_loss": 0.043719340036524106, "test_accuracy": 0.9875833333333334, "gl_model_v": 2, "wandb_name": "ccl-e-server-v0(2025-04-14 16:18:41.744043)"}
[2025-04-14 16:21:16,037][flwr][INFO] - Sent reply
[2025-04-14 16:21:18,329][flwr][INFO] - 
[2025-04-14 16:21:18,330][flwr][INFO] - Received: train message bd7efdfb-a521-46e4-9c98-7344934e5c13
[2025-04-14 16:21:44,790][fedops.client.client_fl][INFO] - train_performance - {"fl_task_id": "test1", "client_mac": "b0:7b:25:0e:e7:96", "client_name": "ccl-e-server", "round": 2, "gl_model_v": 2, "train_loss": 0.01791708162574573, "train_accuracy": 0.9945277777777778, "train_f1_score": 0.9945312871221663, "val_loss": 0.039090939146030616, "val_accuracy": 0.987, "val_f1_score": 0.9870065310665582, "train_time": 26.44530415534973, "wandb_name": "ccl-e-server-v0(2025-04-14 16:18:41.744043)"}
[2025-04-14 16:21:44,853][flwr][INFO] - Sent reply
[2025-04-14 16:21:51,746][flwr][INFO] - 
[2025-04-14 16:21:51,747][flwr][INFO] - Received: evaluate message 979165ea-1662-46ec-b203-c3a3f1f746c7
[2025-04-14 16:21:55,234][fedops.client.client_fl][INFO] - test - {"fl_task_id": "test1", "client_mac": "b0:7b:25:0e:e7:96", "client_name": "ccl-e-server", "round": 2, "test_loss": 0.04566200480281197, "test_accuracy": 0.9868333333333333, "gl_model_v": 2, "wandb_name": "ccl-e-server-v0(2025-04-14 16:18:41.744043)"}
[2025-04-14 16:21:55,250][flwr][INFO] - Sent reply
[2025-04-14 16:21:55,265][flwr][INFO] - 
[2025-04-14 16:21:55,266][flwr][INFO] - Received: reconnect message 66fbfdd5-5820-4e6b-90fb-95c8ea454228
[2025-04-14 16:21:55,270][flwr][DEBUG] - gRPC channel closed
[2025-04-14 16:21:55,271][flwr][INFO] - Disconnect and shut down
[2025-04-14 16:21:55,274][root][INFO] - fl learning finished
[2025-04-14 16:21:56,733][root][ERROR] - wandb system load error: Could not find project MNIST_test1
[2025-04-14 16:21:56,733][root][INFO] - client_operation_time - {"fl_task_id": "test1", "client_mac": "b0:7b:25:0e:e7:96", "client_name": "ccl-e-server", "operation_time": 80.0132749080658, "gl_model_v": 2}
[2025-04-14 16:21:56,750][root][INFO] - try notify_fin
[2025-04-14 16:21:56,769][root][INFO] - trainFin
[2025-04-14 16:21:56,769][root][INFO] - FL Client Learning Finish
[2025-04-14 16:33:29,545][root][INFO] - bulid model
[2025-04-14 16:33:29,546][root][INFO] - FL start
[2025-04-14 16:33:29,553][fedops.client.client_api][INFO] - FL_server_IP:port - ccl.gachon.ac.kr:40025
[2025-04-14 16:33:29,554][root][INFO] - FL learning ready
[2025-04-14 16:33:29,555][root][INFO] - fl_task_id: test1
[2025-04-14 16:33:29,555][root][INFO] - dataset: MNIST
[2025-04-14 16:33:29,555][root][INFO] - output_size: 10
[2025-04-14 16:33:29,555][root][INFO] - validation_split: 0.2
[2025-04-14 16:33:29,555][root][INFO] - model_type: Pytorch
[2025-04-14 16:33:29,555][root][INFO] - wandb_key: 38f6cf3c2c37660d42ebfe8ab434b72d34be3b31
[2025-04-14 16:33:29,555][root][INFO] - wandb_account: rirakang@gachon.ac.kr
[2025-04-14 16:33:31,164][flwr][WARNING] - DEPRECATED FEATURE: flwr.client.start_numpy_client() is deprecated. 
	Instead, use `flwr.client.start_client()` by ensuring you first call the `.to_client()` method as shown below: 
	flwr.client.start_client(
		server_address='<IP>:<PORT>',
		client=FlowerClient().to_client(), # <-- where FlowerClient is of type flwr.client.NumPyClient object
	)
	Using `start_numpy_client()` is deprecated.

            This is a deprecated feature. It will be removed
            entirely in future versions of Flower.
        
[2025-04-14 16:33:31,167][flwr][WARNING] - DEPRECATED FEATURE: flwr.client.start_client() is deprecated.
	Instead, use the `flower-supernode` CLI command to start a SuperNode as shown below:

		$ flower-supernode --insecure --superlink='<IP>:<PORT>'

	To view all available options, run:

		$ flower-supernode --help

	Using `start_client()` is deprecated.

            This is a deprecated feature. It will be removed
            entirely in future versions of Flower.
        
[2025-04-14 16:33:31,169][flwr][DEBUG] - Opened insecure gRPC connection (no certificates were passed)
[2025-04-14 16:33:31,173][flwr][DEBUG] - ChannelConnectivity.IDLE
[2025-04-14 16:33:31,177][flwr][DEBUG] - ChannelConnectivity.CONNECTING
[2025-04-14 16:33:31,179][flwr][DEBUG] - ChannelConnectivity.READY
[2025-04-14 16:33:33,110][flwr][INFO] - 
[2025-04-14 16:33:33,111][flwr][INFO] - Received: train message bfc39d8c-b3f8-4e6a-974f-038f70b37a64
[2025-04-14 16:33:58,874][fedops.client.client_fl][INFO] - train_performance - {"fl_task_id": "test1", "client_mac": "b0:7b:25:0e:e7:96", "client_name": "ccl-e-server", "round": 1, "gl_model_v": 3, "train_loss": 0.010247391162081853, "train_accuracy": 0.9964722222222222, "train_f1_score": 0.9964735016070477, "val_loss": 0.039711579233358434, "val_accuracy": 0.9889166666666667, "val_f1_score": 0.9889217259626893, "train_time": 25.75334334373474, "wandb_name": "ccl-e-server-v0(2025-04-14 16:18:41.744043)"}
[2025-04-14 16:33:58,931][flwr][INFO] - Sent reply
[2025-04-14 16:34:29,036][flwr][INFO] - 
[2025-04-14 16:34:29,037][flwr][INFO] - Received: evaluate message 6c215c8a-b159-4e64-a74c-aebcbf5d71d3
[2025-04-14 16:34:32,125][fedops.client.client_fl][INFO] - test - {"fl_task_id": "test1", "client_mac": "b0:7b:25:0e:e7:96", "client_name": "ccl-e-server", "round": 1, "test_loss": 0.0480485178252801, "test_accuracy": 0.9881666666666666, "gl_model_v": 3, "wandb_name": "ccl-e-server-v0(2025-04-14 16:18:41.744043)"}
[2025-04-14 16:34:32,142][flwr][INFO] - Sent reply
[2025-04-14 16:34:32,157][flwr][INFO] - 
[2025-04-14 16:34:32,158][flwr][INFO] - Received: reconnect message 724ec134-5db0-4f63-bcf3-a28b1650d406
[2025-04-14 16:34:32,163][flwr][DEBUG] - gRPC channel closed
[2025-04-14 16:34:32,164][flwr][INFO] - Disconnect and shut down
[2025-04-14 16:34:32,166][root][INFO] - fl learning finished
[2025-04-14 16:34:33,857][root][ERROR] - wandb system load error: Could not find project MNIST_test1
[2025-04-14 16:34:33,858][root][INFO] - client_operation_time - {"fl_task_id": "test1", "client_mac": "b0:7b:25:0e:e7:96", "client_name": "ccl-e-server", "operation_time": 61.004889249801636, "gl_model_v": 3}
[2025-04-14 16:34:33,875][root][INFO] - try notify_fin
[2025-04-14 16:34:33,900][root][INFO] - trainFin
[2025-04-14 16:34:33,900][root][INFO] - FL Client Learning Finish
[2025-04-14 16:42:52,857][root][INFO] - bulid model
[2025-04-14 16:42:52,857][root][INFO] - FL start
[2025-04-14 16:42:52,865][fedops.client.client_api][INFO] - FL_server_IP:port - ccl.gachon.ac.kr:40025
[2025-04-14 16:42:52,867][root][INFO] - FL learning ready
[2025-04-14 16:42:52,867][root][INFO] - fl_task_id: test1
[2025-04-14 16:42:52,867][root][INFO] - dataset: MNIST
[2025-04-14 16:42:52,867][root][INFO] - output_size: 10
[2025-04-14 16:42:52,867][root][INFO] - validation_split: 0.2
[2025-04-14 16:42:52,867][root][INFO] - model_type: Pytorch
[2025-04-14 16:42:52,867][root][INFO] - wandb_key: 38f6cf3c2c37660d42ebfe8ab434b72d34be3b31
[2025-04-14 16:42:52,867][root][INFO] - wandb_account: rirakang@gachon.ac.kr
[2025-04-14 16:42:54,245][flwr][WARNING] - DEPRECATED FEATURE: flwr.client.start_numpy_client() is deprecated. 
	Instead, use `flwr.client.start_client()` by ensuring you first call the `.to_client()` method as shown below: 
	flwr.client.start_client(
		server_address='<IP>:<PORT>',
		client=FlowerClient().to_client(), # <-- where FlowerClient is of type flwr.client.NumPyClient object
	)
	Using `start_numpy_client()` is deprecated.

            This is a deprecated feature. It will be removed
            entirely in future versions of Flower.
        
[2025-04-14 16:42:54,247][flwr][WARNING] - DEPRECATED FEATURE: flwr.client.start_client() is deprecated.
	Instead, use the `flower-supernode` CLI command to start a SuperNode as shown below:

		$ flower-supernode --insecure --superlink='<IP>:<PORT>'

	To view all available options, run:

		$ flower-supernode --help

	Using `start_client()` is deprecated.

            This is a deprecated feature. It will be removed
            entirely in future versions of Flower.
        
[2025-04-14 16:42:54,253][flwr][DEBUG] - Opened insecure gRPC connection (no certificates were passed)
[2025-04-14 16:42:54,256][flwr][DEBUG] - ChannelConnectivity.IDLE
[2025-04-14 16:42:54,258][flwr][DEBUG] - ChannelConnectivity.CONNECTING
[2025-04-14 16:42:54,262][flwr][DEBUG] - ChannelConnectivity.READY
[2025-04-14 16:43:32,427][flwr][INFO] - 
[2025-04-14 16:43:32,428][flwr][INFO] - Received: evaluate message f9f087da-a642-4292-9afc-53defed69f3a
[2025-04-14 16:43:35,358][fedops.client.client_fl][INFO] - test - {"fl_task_id": "test1", "client_mac": "b0:7b:25:0e:e7:96", "client_name": "ccl-e-server", "round": 1, "test_loss": 0.0580086710781077, "test_accuracy": 0.98875, "gl_model_v": 4, "wandb_name": "ccl-e-server-v0(2025-04-14 16:18:41.744043)"}
[2025-04-14 16:43:35,377][flwr][INFO] - Sent reply
[2025-04-14 16:43:35,390][flwr][INFO] - 
[2025-04-14 16:43:35,391][flwr][INFO] - Received: reconnect message 31b4af06-80f9-4114-b18c-ca95c69ef58a
[2025-04-14 16:43:35,397][flwr][DEBUG] - gRPC channel closed
[2025-04-14 16:43:35,405][flwr][INFO] - Disconnect and shut down
[2025-04-14 16:43:35,407][root][INFO] - fl learning finished
[2025-04-14 16:43:37,279][root][ERROR] - wandb system load error: Could not find project MNIST_test1
[2025-04-14 16:43:37,279][root][INFO] - client_operation_time - {"fl_task_id": "test1", "client_mac": "b0:7b:25:0e:e7:96", "client_name": "ccl-e-server", "operation_time": 41.16556787490845, "gl_model_v": 4}
[2025-04-14 16:43:37,298][root][INFO] - try notify_fin
[2025-04-14 16:43:37,319][root][INFO] - trainFin
[2025-04-14 16:43:37,319][root][INFO] - FL Client Learning Finish
