[2025-04-14 14:38:26,083][root][INFO] - FL_Task - {"dataset": "MNIST", "start_execution_time": "2025-04-14 14:38:26"}
[2025-04-14 14:38:26,145][__main__][INFO] - data loaded
[2025-04-14 14:38:26,171][root][INFO] - init model_type: Pytorch
[2025-04-14 14:38:40,742][root][INFO] - bulid model
[2025-04-14 14:38:40,742][root][INFO] - FL start
[2025-04-14 14:38:40,754][fedops.client.client_api][INFO] - FL_server_IP:port - ccl.gachon.ac.kr:40025
[2025-04-14 14:38:40,756][root][INFO] - FL learning ready
[2025-04-14 14:38:40,756][root][INFO] - fl_task_id: test1
[2025-04-14 14:38:40,756][root][INFO] - dataset: MNIST
[2025-04-14 14:38:40,757][root][INFO] - output_size: 10
[2025-04-14 14:38:40,757][root][INFO] - validation_split: 0.2
[2025-04-14 14:38:40,757][root][INFO] - model_type: Pytorch
[2025-04-14 14:38:40,757][root][INFO] - wandb_key: 38f6cf3c2c37660d42ebfe8ab434b72d34be3b31
[2025-04-14 14:38:40,757][root][INFO] - wandb_account: rirakang@gachon.ac.kr
[2025-04-14 14:38:42,381][flwr][WARNING] - DEPRECATED FEATURE: flwr.client.start_numpy_client() is deprecated. 
	Instead, use `flwr.client.start_client()` by ensuring you first call the `.to_client()` method as shown below: 
	flwr.client.start_client(
		server_address='<IP>:<PORT>',
		client=FlowerClient().to_client(), # <-- where FlowerClient is of type flwr.client.NumPyClient object
	)
	Using `start_numpy_client()` is deprecated.

            This is a deprecated feature. It will be removed
            entirely in future versions of Flower.
        
[2025-04-14 14:38:42,383][flwr][WARNING] - DEPRECATED FEATURE: flwr.client.start_client() is deprecated.
	Instead, use the `flower-supernode` CLI command to start a SuperNode as shown below:

		$ flower-supernode --insecure --superlink='<IP>:<PORT>'

	To view all available options, run:

		$ flower-supernode --help

	Using `start_client()` is deprecated.

            This is a deprecated feature. It will be removed
            entirely in future versions of Flower.
        
[2025-04-14 14:38:42,392][flwr][DEBUG] - Opened insecure gRPC connection (no certificates were passed)
[2025-04-14 14:38:42,394][flwr][DEBUG] - ChannelConnectivity.IDLE
[2025-04-14 14:38:42,394][flwr][DEBUG] - ChannelConnectivity.CONNECTING
[2025-04-14 14:38:42,400][flwr][DEBUG] - ChannelConnectivity.TRANSIENT_FAILURE
[2025-04-14 14:38:42,602][flwr][DEBUG] - gRPC channel closed
[2025-04-14 14:38:42,630][root][INFO] - notify_fail start
[2025-04-14 14:38:42,652][root][ERROR] - trainFin
[2025-04-14 14:39:59,430][root][INFO] - bulid model
[2025-04-14 14:39:59,430][root][INFO] - FL start
[2025-04-14 14:39:59,436][fedops.client.client_api][INFO] - FL_server_IP:port - ccl.gachon.ac.kr:40025
[2025-04-14 14:39:59,438][root][INFO] - FL learning ready
[2025-04-14 14:39:59,438][root][INFO] - fl_task_id: test1
[2025-04-14 14:39:59,438][root][INFO] - dataset: MNIST
[2025-04-14 14:39:59,439][root][INFO] - output_size: 10
[2025-04-14 14:39:59,439][root][INFO] - validation_split: 0.2
[2025-04-14 14:39:59,439][root][INFO] - model_type: Pytorch
[2025-04-14 14:39:59,440][root][INFO] - wandb_key: 38f6cf3c2c37660d42ebfe8ab434b72d34be3b31
[2025-04-14 14:39:59,440][root][INFO] - wandb_account: rirakang@gachon.ac.kr
[2025-04-14 14:39:59,446][flwr][WARNING] - DEPRECATED FEATURE: flwr.client.start_numpy_client() is deprecated. 
	Instead, use `flwr.client.start_client()` by ensuring you first call the `.to_client()` method as shown below: 
	flwr.client.start_client(
		server_address='<IP>:<PORT>',
		client=FlowerClient().to_client(), # <-- where FlowerClient is of type flwr.client.NumPyClient object
	)
	Using `start_numpy_client()` is deprecated.

            This is a deprecated feature. It will be removed
            entirely in future versions of Flower.
        
[2025-04-14 14:39:59,447][flwr][WARNING] - DEPRECATED FEATURE: flwr.client.start_client() is deprecated.
	Instead, use the `flower-supernode` CLI command to start a SuperNode as shown below:

		$ flower-supernode --insecure --superlink='<IP>:<PORT>'

	To view all available options, run:

		$ flower-supernode --help

	Using `start_client()` is deprecated.

            This is a deprecated feature. It will be removed
            entirely in future versions of Flower.
        
[2025-04-14 14:39:59,449][flwr][DEBUG] - Opened insecure gRPC connection (no certificates were passed)
[2025-04-14 14:39:59,453][flwr][DEBUG] - ChannelConnectivity.IDLE
[2025-04-14 14:39:59,455][flwr][DEBUG] - ChannelConnectivity.CONNECTING
[2025-04-14 14:39:59,457][flwr][DEBUG] - ChannelConnectivity.READY
[2025-04-14 14:40:01,413][flwr][INFO] - 
[2025-04-14 14:40:01,413][flwr][INFO] - Received: train message 8a5c1787-afe1-4aab-82be-3c95a491f469
[2025-04-14 14:40:29,368][fedops.client.client_fl][INFO] - train_performance - {"fl_task_id": "test1", "client_mac": "b0:7b:25:0e:e7:96", "client_name": "ccl-e-server", "round": 1, "gl_model_v": 1, "train_loss": 0.05381778617396105, "train_accuracy": 0.9839722222222222, "train_f1_score": 0.9839960145991629, "val_loss": 0.0589068788301913, "val_accuracy": 0.9806666666666667, "val_f1_score": 0.9806875035717503, "train_time": 27.94269847869873, "wandb_name": "ccl-e-server-v0(2025-04-14 14:38:26.173862)"}
[2025-04-14 14:40:29,436][flwr][INFO] - Sent reply
[2025-04-14 14:40:36,066][flwr][INFO] - 
[2025-04-14 14:40:36,067][flwr][INFO] - Received: evaluate message d24fd789-c8ed-4a3c-a9ae-a1da0b9d7f2b
[2025-04-14 14:40:39,832][fedops.client.client_fl][INFO] - test - {"fl_task_id": "test1", "client_mac": "b0:7b:25:0e:e7:96", "client_name": "ccl-e-server", "round": 1, "test_loss": 0.06348334722458682, "test_accuracy": 0.9800833333333333, "gl_model_v": 1, "wandb_name": "ccl-e-server-v0(2025-04-14 14:38:26.173862)"}
[2025-04-14 14:40:39,847][flwr][INFO] - Sent reply
[2025-04-14 14:40:41,853][flwr][INFO] - 
[2025-04-14 14:40:41,853][flwr][INFO] - Received: train message dff6a7ab-5d7a-4a2b-b987-4f828d09fb4e
[2025-04-14 14:41:10,563][fedops.client.client_fl][INFO] - train_performance - {"fl_task_id": "test1", "client_mac": "b0:7b:25:0e:e7:96", "client_name": "ccl-e-server", "round": 2, "gl_model_v": 1, "train_loss": 0.025970715463016155, "train_accuracy": 0.9918888888888889, "train_f1_score": 0.9918895948071317, "val_loss": 0.040457942176293185, "val_accuracy": 0.9884166666666667, "val_f1_score": 0.988409690954799, "train_time": 28.689146757125854, "wandb_name": "ccl-e-server-v0(2025-04-14 14:38:26.173862)"}
[2025-04-14 14:41:10,611][flwr][INFO] - Sent reply
[2025-04-14 14:41:17,256][flwr][INFO] - 
[2025-04-14 14:41:17,257][flwr][INFO] - Received: evaluate message 185af3a5-c1e0-4e4a-82d3-6b50e5d7366d
[2025-04-14 14:41:20,277][fedops.client.client_fl][INFO] - test - {"fl_task_id": "test1", "client_mac": "b0:7b:25:0e:e7:96", "client_name": "ccl-e-server", "round": 2, "test_loss": 0.04837924569468707, "test_accuracy": 0.9850833333333333, "gl_model_v": 1, "wandb_name": "ccl-e-server-v0(2025-04-14 14:38:26.173862)"}
[2025-04-14 14:41:20,291][flwr][INFO] - Sent reply
[2025-04-14 14:41:20,309][flwr][INFO] - 
[2025-04-14 14:41:20,310][flwr][INFO] - Received: reconnect message 0a5519a1-0b75-4e55-a58d-38bbda230b00
[2025-04-14 14:41:20,314][flwr][DEBUG] - gRPC channel closed
[2025-04-14 14:41:20,315][flwr][INFO] - Disconnect and shut down
[2025-04-14 14:41:20,316][root][INFO] - fl learning finished
[2025-04-14 14:41:22,459][root][ERROR] - wandb system load error: Could not find project MNIST_test1
[2025-04-14 14:41:22,460][root][INFO] - client_operation_time - {"fl_task_id": "test1", "client_mac": "b0:7b:25:0e:e7:96", "client_name": "ccl-e-server", "operation_time": 80.87207269668579, "gl_model_v": 1}
[2025-04-14 14:41:22,475][root][INFO] - try notify_fin
[2025-04-14 14:41:22,494][root][INFO] - trainFin
[2025-04-14 14:41:22,494][root][INFO] - FL Client Learning Finish
[2025-04-14 14:45:48,133][root][INFO] - ccl-e-server;b0:7b:25:0e:e7:96-client close
