[2025-04-14 16:50:55,293][root][INFO] - FL_Task - {"dataset": "MNIST", "start_execution_time": "2025-04-14 16:50:55"}
[2025-04-14 16:50:55,357][__main__][INFO] - Data loaded
[2025-04-14 16:50:55,382][__main__][INFO] - Downloading latest local model
[2025-04-14 16:50:55,382][root][INFO] - downloaded local_model_name: MNISTClassifier_local_model_V3.pth
[2025-04-14 16:51:41,174][__main__][INFO] - Selected best hyperparameter: 0.001 with loss: 0.013736061464906597
[2025-04-14 16:51:41,176][root][INFO] - init model_type: Pytorch
[2025-04-14 16:54:15,647][root][INFO] - bulid model
[2025-04-14 16:54:15,647][root][INFO] - FL start
[2025-04-14 16:54:15,656][fedops.client.client_api][INFO] - FL_server_IP:port - ccl.gachon.ac.kr:40025
[2025-04-14 16:54:15,658][root][INFO] - FL learning ready
[2025-04-14 16:54:15,658][root][INFO] - fl_task_id: test1
[2025-04-14 16:54:15,658][root][INFO] - dataset: MNIST
[2025-04-14 16:54:15,658][root][INFO] - output_size: 10
[2025-04-14 16:54:15,658][root][INFO] - validation_split: 0.2
[2025-04-14 16:54:15,658][root][INFO] - model_type: Pytorch
[2025-04-14 16:54:15,659][root][INFO] - wandb_key: 38f6cf3c2c37660d42ebfe8ab434b72d34be3b31
[2025-04-14 16:54:15,659][root][INFO] - wandb_account: rirakang@gachon.ac.kr
[2025-04-14 16:54:17,280][flwr][WARNING] - DEPRECATED FEATURE: flwr.client.start_numpy_client() is deprecated. 
	Instead, use `flwr.client.start_client()` by ensuring you first call the `.to_client()` method as shown below: 
	flwr.client.start_client(
		server_address='<IP>:<PORT>',
		client=FlowerClient().to_client(), # <-- where FlowerClient is of type flwr.client.NumPyClient object
	)
	Using `start_numpy_client()` is deprecated.

            This is a deprecated feature. It will be removed
            entirely in future versions of Flower.
        
[2025-04-14 16:54:17,281][flwr][WARNING] - DEPRECATED FEATURE: flwr.client.start_client() is deprecated.
	Instead, use the `flower-supernode` CLI command to start a SuperNode as shown below:

		$ flower-supernode --insecure --superlink='<IP>:<PORT>'

	To view all available options, run:

		$ flower-supernode --help

	Using `start_client()` is deprecated.

            This is a deprecated feature. It will be removed
            entirely in future versions of Flower.
        
[2025-04-14 16:54:17,296][flwr][DEBUG] - Opened insecure gRPC connection (no certificates were passed)
[2025-04-14 16:54:17,299][flwr][DEBUG] - ChannelConnectivity.IDLE
[2025-04-14 16:54:17,300][flwr][DEBUG] - ChannelConnectivity.CONNECTING
[2025-04-14 16:54:17,305][flwr][DEBUG] - ChannelConnectivity.READY
[2025-04-14 16:55:00,775][flwr][INFO] - 
[2025-04-14 16:55:00,776][flwr][INFO] - Received: evaluate message 12577172-a4a0-4e68-bbc5-7c06922f1e78
[2025-04-14 16:55:03,720][fedops.client.client_fl][INFO] - test - {"fl_task_id": "test1", "client_mac": "b0:7b:25:0e:e7:96", "client_name": "ccl-e-server", "round": 1, "test_loss": 0.05493193430648968, "test_accuracy": 0.9885, "gl_model_v": 5, "wandb_name": "ccl-e-server-v0(2025-04-14 16:51:41.178585)"}
[2025-04-14 16:55:03,736][flwr][INFO] - Sent reply
[2025-04-14 16:55:03,746][flwr][INFO] - 
[2025-04-14 16:55:03,747][flwr][INFO] - Received: reconnect message 1d4da78a-3e11-4b7a-be8d-3db8e9a28737
[2025-04-14 16:55:03,751][flwr][DEBUG] - gRPC channel closed
[2025-04-14 16:55:03,751][flwr][INFO] - Disconnect and shut down
[2025-04-14 16:55:03,753][root][INFO] - fl learning finished
[2025-04-14 16:55:05,706][root][ERROR] - wandb system load error: Could not find project MNIST_test1
[2025-04-14 16:55:05,707][root][INFO] - client_operation_time - {"fl_task_id": "test1", "client_mac": "b0:7b:25:0e:e7:96", "client_name": "ccl-e-server", "operation_time": 46.47476506233215, "gl_model_v": 5}
[2025-04-14 16:55:05,723][root][INFO] - try notify_fin
[2025-04-14 16:55:05,754][root][INFO] - trainFin
[2025-04-14 16:55:05,754][root][INFO] - FL Client Learning Finish
[2025-04-14 16:58:24,439][root][INFO] - ccl-e-server;b0:7b:25:0e:e7:96-client close
